<?xml version="1.0" encoding="utf-8"?><testsuites name="pytest tests"><testsuite name="pytest" errors="0" failures="0" skipped="0" tests="6" time="1.086" timestamp="2026-03-01T06:10:09.552444+00:00" hostname="agent-env-fce6f567-b91d-4968-82de-8f3dcc52158b"><testcase classname="backend.tests.test_leads.TestHealth" name="test_api_root" time="0.204" /><testcase classname="backend.tests.test_leads.TestLeads" name="test_create_lead" time="0.175" /><testcase classname="backend.tests.test_leads.TestLeads" name="test_create_lead_missing_optional_fields" time="0.150" /><testcase classname="backend.tests.test_leads.TestLeads" name="test_create_lead_invalid_email" time="0.121" /><testcase classname="backend.tests.test_leads.TestLeads" name="test_get_leads" time="0.145" /><testcase classname="backend.tests.test_leads.TestLeads" name="test_lead_persistence" time="0.213" /></testsuite></testsuites>